<?xml version="1.0" encoding="UTF-8"?>
<testng-results ignored="0" total="1" passed="1" failed="0" skipped="0">
  <reporter-output>
  </reporter-output>
  <suite started-at="2024-10-01T08:31:50 BST" name="Surefire suite" finished-at="2024-10-01T08:31:59 BST" duration-ms="9351">
    <groups>
    </groups>
    <test started-at="2024-10-01T08:31:50 BST" name="Surefire test" finished-at="2024-10-01T08:31:59 BST" duration-ms="9351">
      <class name="Test.PFMTest">
        <test-method is-config="true" signature="setUp()[pri:0, instance:Test.PFMTest@4e096385]" started-at="2024-10-01T08:31:50 BST" name="setUp" finished-at="2024-10-01T08:31:54 BST" duration-ms="4068" status="PASS">
          <reporter-output>
          </reporter-output>
        </test-method> <!-- setUp -->
        <test-method signature="placeOrder()[pri:0, instance:Test.PFMTest@4e096385]" started-at="2024-10-01T08:31:54 BST" name="placeOrder" finished-at="2024-10-01T08:31:59 BST" duration-ms="5044" status="PASS">
          <reporter-output>
          </reporter-output>
        </test-method> <!-- placeOrder -->
        <test-method is-config="true" signature="tearDown()[pri:0, instance:Test.PFMTest@4e096385]" started-at="2024-10-01T08:31:59 BST" name="tearDown" finished-at="2024-10-01T08:31:59 BST" duration-ms="200" status="PASS">
          <reporter-output>
          </reporter-output>
        </test-method> <!-- tearDown -->
      </class> <!-- Test.PFMTest -->
    </test> <!-- Surefire test -->
  </suite> <!-- Surefire suite -->
</testng-results>
